CRITICAL - 2024-11-20 15:50:32 --> ErrorException: Undefined variable $find
[Method: GET, Route: usuarios/2]
in APPPATH\Controllers\UsuarioController.php on line 37.
 1 APPPATH\Controllers\UsuarioController.php(37): CodeIgniter\Debug\Exceptions->errorHandler(2, 'Undefined variable $find', 'C:\\laragon\\www\\fotobook\\app\\Controllers\\UsuarioController.php', 37)
 2 SYSTEMPATH\CodeIgniter.php(933): App\Controllers\UsuarioController->show('2')
 3 SYSTEMPATH\CodeIgniter.php(509): CodeIgniter\CodeIgniter->runController(Object(App\Controllers\UsuarioController))
 4 SYSTEMPATH\CodeIgniter.php(355): CodeIgniter\CodeIgniter->handleRequest(null, Object(Config\Cache), false)
 5 SYSTEMPATH\Boot.php(325): CodeIgniter\CodeIgniter->run()
 6 SYSTEMPATH\Boot.php(67): CodeIgniter\Boot::runCodeIgniter(Object(CodeIgniter\CodeIgniter))
 7 FCPATH\index.php(56): CodeIgniter\Boot::bootWeb(Object(Config\Paths))
CRITICAL - 2024-11-20 15:50:52 --> ErrorException: Undefined variable $find
[Method: GET, Route: usuarios/1]
in APPPATH\Controllers\UsuarioController.php on line 37.
 1 APPPATH\Controllers\UsuarioController.php(37): CodeIgniter\Debug\Exceptions->errorHandler(2, 'Undefined variable $find', 'C:\\laragon\\www\\fotobook\\app\\Controllers\\UsuarioController.php', 37)
 2 SYSTEMPATH\CodeIgniter.php(933): App\Controllers\UsuarioController->show('1')
 3 SYSTEMPATH\CodeIgniter.php(509): CodeIgniter\CodeIgniter->runController(Object(App\Controllers\UsuarioController))
 4 SYSTEMPATH\CodeIgniter.php(355): CodeIgniter\CodeIgniter->handleRequest(null, Object(Config\Cache), false)
 5 SYSTEMPATH\Boot.php(325): CodeIgniter\CodeIgniter->run()
 6 SYSTEMPATH\Boot.php(67): CodeIgniter\Boot::runCodeIgniter(Object(CodeIgniter\CodeIgniter))
 7 FCPATH\index.php(56): CodeIgniter\Boot::bootWeb(Object(Config\Paths))
CRITICAL - 2024-11-20 15:51:55 --> CodeIgniter\View\Exceptions\ViewException: Invalid file: "usuario/show.php"
[Method: GET, Route: usuarios/1]
in SYSTEMPATH\Exceptions\FrameworkException.php on line 41.
 1 SYSTEMPATH\View\View.php(222): CodeIgniter\Exceptions\FrameworkException::forInvalidFile('usuario/show.php')
 2 SYSTEMPATH\Common.php(1171): CodeIgniter\View\View->render('usuario/show', [], true)
 3 APPPATH\Controllers\UsuarioController.php(39): view('usuario/show', [...])
 4 SYSTEMPATH\CodeIgniter.php(933): App\Controllers\UsuarioController->show('1')
 5 SYSTEMPATH\CodeIgniter.php(509): CodeIgniter\CodeIgniter->runController(Object(App\Controllers\UsuarioController))
 6 SYSTEMPATH\CodeIgniter.php(355): CodeIgniter\CodeIgniter->handleRequest(null, Object(Config\Cache), false)
 7 SYSTEMPATH\Boot.php(325): CodeIgniter\CodeIgniter->run()
 8 SYSTEMPATH\Boot.php(67): CodeIgniter\Boot::runCodeIgniter(Object(CodeIgniter\CodeIgniter))
 9 FCPATH\index.php(56): CodeIgniter\Boot::bootWeb(Object(Config\Paths))
CRITICAL - 2024-11-20 15:52:20 --> ErrorException: Undefined array key ""
[Method: GET, Route: usuarios/1]
in APPPATH\Views\usuarios\show.php on line 12.
 1 APPPATH\Views\usuarios\show.php(12): CodeIgniter\Debug\Exceptions->errorHandler(2, 'Undefined array key ""', 'C:\\laragon\\www\\fotobook\\app\\Views\\usuarios\\show.php', 12)
 2 SYSTEMPATH\View\View.php(234): include('C:\\laragon\\www\\fotobook\\app\\Views\\usuarios\\show.php')
 3 SYSTEMPATH\View\View.php(237): CodeIgniter\View\View->CodeIgniter\View\{closure}()
 4 SYSTEMPATH\Common.php(1171): CodeIgniter\View\View->render('usuarios/show', [], true)
 5 APPPATH\Controllers\UsuarioController.php(39): view('usuarios/show', [...])
 6 SYSTEMPATH\CodeIgniter.php(933): App\Controllers\UsuarioController->show('1')
 7 SYSTEMPATH\CodeIgniter.php(509): CodeIgniter\CodeIgniter->runController(Object(App\Controllers\UsuarioController))
 8 SYSTEMPATH\CodeIgniter.php(355): CodeIgniter\CodeIgniter->handleRequest(null, Object(Config\Cache), false)
 9 SYSTEMPATH\Boot.php(325): CodeIgniter\CodeIgniter->run()
10 SYSTEMPATH\Boot.php(67): CodeIgniter\Boot::runCodeIgniter(Object(CodeIgniter\CodeIgniter))
11 FCPATH\index.php(56): CodeIgniter\Boot::bootWeb(Object(Config\Paths))
