ERROR - 2024-10-18 15:40:27 --> mysqli_sql_exception: Duplicate entry 'siempregana@gmai.com' for key 'usuarios_244679.correo' in C:\Users\alumnog\Desktop\laragon-6.0.0\www\fotobook\system\Database\MySQLi\Connection.php:312
Stack trace:
#0 C:\Users\alumnog\Desktop\laragon-6.0.0\www\fotobook\system\Database\MySQLi\Connection.php(312): mysqli->query('INSERT INTO `us...', 0)
#1 C:\Users\alumnog\Desktop\laragon-6.0.0\www\fotobook\system\Database\BaseConnection.php(734): CodeIgniter\Database\MySQLi\Connection->execute('INSERT INTO `us...')
#2 C:\Users\alumnog\Desktop\laragon-6.0.0\www\fotobook\system\Database\BaseConnection.php(648): CodeIgniter\Database\BaseConnection->simpleQuery('INSERT INTO `us...')
#3 C:\Users\alumnog\Desktop\laragon-6.0.0\www\fotobook\system\Database\BaseBuilder.php(2340): CodeIgniter\Database\BaseConnection->query('INSERT INTO `us...', Array, false)
#4 C:\Users\alumnog\Desktop\laragon-6.0.0\www\fotobook\system\Model.php(394): CodeIgniter\Database\BaseBuilder->insert()
#5 C:\Users\alumnog\Desktop\laragon-6.0.0\www\fotobook\system\BaseModel.php(840): CodeIgniter\Model->doInsert(Array)
#6 C:\Users\alumnog\Desktop\laragon-6.0.0\www\fotobook\system\Model.php(802): CodeIgniter\BaseModel->insert(Array, false)
#7 C:\Users\alumnog\Desktop\laragon-6.0.0\www\fotobook\system\BaseModel.php(751): CodeIgniter\Model->insert(Array, false)
#8 C:\Users\alumnog\Desktop\laragon-6.0.0\www\fotobook\app\Controllers\UsuarioController.php(64): CodeIgniter\BaseModel->save(Array)
#9 C:\Users\alumnog\Desktop\laragon-6.0.0\www\fotobook\system\CodeIgniter.php(933): App\Controllers\UsuarioController->store()
#10 C:\Users\alumnog\Desktop\laragon-6.0.0\www\fotobook\system\CodeIgniter.php(509): CodeIgniter\CodeIgniter->runController(Object(App\Controllers\UsuarioController))
#11 C:\Users\alumnog\Desktop\laragon-6.0.0\www\fotobook\system\CodeIgniter.php(355): CodeIgniter\CodeIgniter->handleRequest(NULL, Object(Config\Cache), false)
#12 C:\Users\alumnog\Desktop\laragon-6.0.0\www\fotobook\system\Boot.php(325): CodeIgniter\CodeIgniter->run()
#13 C:\Users\alumnog\Desktop\laragon-6.0.0\www\fotobook\system\Boot.php(67): CodeIgniter\Boot::runCodeIgniter(Object(CodeIgniter\CodeIgniter))
#14 C:\Users\alumnog\Desktop\laragon-6.0.0\www\fotobook\public\index.php(56): CodeIgniter\Boot::bootWeb(Object(Config\Paths))
#15 {main}
CRITICAL - 2024-10-18 15:40:27 --> CodeIgniter\Database\Exceptions\DatabaseException: Duplicate entry 'siempregana@gmai.com' for key 'usuarios_244679.correo'
[Method: POST, Route: usuarios/store]
in SYSTEMPATH\Database\BaseConnection.php on line 688.
 1 SYSTEMPATH\Database\BaseBuilder.php(2340): CodeIgniter\Database\BaseConnection->query('INSERT INTO `usuarios_244679` (`nombre`, `telefono`, `correo`, `password`, `created_at`, `updated_at`) VALUES (:nombre:, :telefono:, :correo:, :password:, :created_at:, :updated_at:)', [...], false)
 2 SYSTEMPATH\Model.php(394): CodeIgniter\Database\BaseBuilder->insert()
 3 SYSTEMPATH\BaseModel.php(840): CodeIgniter\Model->doInsert([...])
 4 SYSTEMPATH\Model.php(802): CodeIgniter\BaseModel->insert([...], false)
 5 SYSTEMPATH\BaseModel.php(751): CodeIgniter\Model->insert([...], false)
 6 APPPATH\Controllers\UsuarioController.php(64): CodeIgniter\BaseModel->save([...])
 7 SYSTEMPATH\CodeIgniter.php(933): App\Controllers\UsuarioController->store()
 8 SYSTEMPATH\CodeIgniter.php(509): CodeIgniter\CodeIgniter->runController(Object(App\Controllers\UsuarioController))
 9 SYSTEMPATH\CodeIgniter.php(355): CodeIgniter\CodeIgniter->handleRequest(null, Object(Config\Cache), false)
10 SYSTEMPATH\Boot.php(325): CodeIgniter\CodeIgniter->run()
11 SYSTEMPATH\Boot.php(67): CodeIgniter\Boot::runCodeIgniter(Object(CodeIgniter\CodeIgniter))
12 FCPATH\index.php(56): CodeIgniter\Boot::bootWeb(Object(Config\Paths))
CRITICAL - 2024-10-18 15:40:27 --> [Caused by] CodeIgniter\Database\Exceptions\DatabaseException: Duplicate entry 'siempregana@gmai.com' for key 'usuarios_244679.correo'
in SYSTEMPATH\Database\MySQLi\Connection.php on line 317.
 1 SYSTEMPATH\Database\BaseConnection.php(734): CodeIgniter\Database\MySQLi\Connection->execute('INSERT INTO `usuarios_244679` (`nombre`, `telefono`, `correo`, `password`, `created_at`, `updated_at`) VALUES (\'Galzito\', \'6622975083\', \'siempregana@gmai.com\', \'GG\', \'2024-10-18 15:40:27\', \'2024-10-18 15:40:27\')')
 2 SYSTEMPATH\Database\BaseConnection.php(648): CodeIgniter\Database\BaseConnection->simpleQuery('INSERT INTO `usuarios_244679` (`nombre`, `telefono`, `correo`, `password`, `created_at`, `updated_at`) VALUES (\'Galzito\', \'6622975083\', \'siempregana@gmai.com\', \'GG\', \'2024-10-18 15:40:27\', \'2024-10-18 15:40:27\')')
 3 SYSTEMPATH\Database\BaseBuilder.php(2340): CodeIgniter\Database\BaseConnection->query('INSERT INTO `usuarios_244679` (`nombre`, `telefono`, `correo`, `password`, `created_at`, `updated_at`) VALUES (:nombre:, :telefono:, :correo:, :password:, :created_at:, :updated_at:)', [...], false)
 4 SYSTEMPATH\Model.php(394): CodeIgniter\Database\BaseBuilder->insert()
 5 SYSTEMPATH\BaseModel.php(840): CodeIgniter\Model->doInsert([...])
 6 SYSTEMPATH\Model.php(802): CodeIgniter\BaseModel->insert([...], false)
 7 SYSTEMPATH\BaseModel.php(751): CodeIgniter\Model->insert([...], false)
 8 APPPATH\Controllers\UsuarioController.php(64): CodeIgniter\BaseModel->save([...])
 9 SYSTEMPATH\CodeIgniter.php(933): App\Controllers\UsuarioController->store()
10 SYSTEMPATH\CodeIgniter.php(509): CodeIgniter\CodeIgniter->runController(Object(App\Controllers\UsuarioController))
11 SYSTEMPATH\CodeIgniter.php(355): CodeIgniter\CodeIgniter->handleRequest(null, Object(Config\Cache), false)
12 SYSTEMPATH\Boot.php(325): CodeIgniter\CodeIgniter->run()
13 SYSTEMPATH\Boot.php(67): CodeIgniter\Boot::runCodeIgniter(Object(CodeIgniter\CodeIgniter))
14 FCPATH\index.php(56): CodeIgniter\Boot::bootWeb(Object(Config\Paths))
CRITICAL - 2024-10-18 15:40:27 --> [Caused by] mysqli_sql_exception: Duplicate entry 'siempregana@gmai.com' for key 'usuarios_244679.correo'
in SYSTEMPATH\Database\MySQLi\Connection.php on line 312.
 1 SYSTEMPATH\Database\MySQLi\Connection.php(312): mysqli->query('INSERT INTO `usuarios_244679` (`nombre`, `telefono`, `correo`, `password`, `created_at`, `updated_at`) VALUES (\'Galzito\', \'6622975083\', \'siempregana@gmai.com\', \'GG\', \'2024-10-18 15:40:27\', \'2024-10-18 15:40:27\')', 0)
 2 SYSTEMPATH\Database\BaseConnection.php(734): CodeIgniter\Database\MySQLi\Connection->execute('INSERT INTO `usuarios_244679` (`nombre`, `telefono`, `correo`, `password`, `created_at`, `updated_at`) VALUES (\'Galzito\', \'6622975083\', \'siempregana@gmai.com\', \'GG\', \'2024-10-18 15:40:27\', \'2024-10-18 15:40:27\')')
 3 SYSTEMPATH\Database\BaseConnection.php(648): CodeIgniter\Database\BaseConnection->simpleQuery('INSERT INTO `usuarios_244679` (`nombre`, `telefono`, `correo`, `password`, `created_at`, `updated_at`) VALUES (\'Galzito\', \'6622975083\', \'siempregana@gmai.com\', \'GG\', \'2024-10-18 15:40:27\', \'2024-10-18 15:40:27\')')
 4 SYSTEMPATH\Database\BaseBuilder.php(2340): CodeIgniter\Database\BaseConnection->query('INSERT INTO `usuarios_244679` (`nombre`, `telefono`, `correo`, `password`, `created_at`, `updated_at`) VALUES (:nombre:, :telefono:, :correo:, :password:, :created_at:, :updated_at:)', [...], false)
 5 SYSTEMPATH\Model.php(394): CodeIgniter\Database\BaseBuilder->insert()
 6 SYSTEMPATH\BaseModel.php(840): CodeIgniter\Model->doInsert([...])
 7 SYSTEMPATH\Model.php(802): CodeIgniter\BaseModel->insert([...], false)
 8 SYSTEMPATH\BaseModel.php(751): CodeIgniter\Model->insert([...], false)
 9 APPPATH\Controllers\UsuarioController.php(64): CodeIgniter\BaseModel->save([...])
10 SYSTEMPATH\CodeIgniter.php(933): App\Controllers\UsuarioController->store()
11 SYSTEMPATH\CodeIgniter.php(509): CodeIgniter\CodeIgniter->runController(Object(App\Controllers\UsuarioController))
12 SYSTEMPATH\CodeIgniter.php(355): CodeIgniter\CodeIgniter->handleRequest(null, Object(Config\Cache), false)
13 SYSTEMPATH\Boot.php(325): CodeIgniter\CodeIgniter->run()
14 SYSTEMPATH\Boot.php(67): CodeIgniter\Boot::runCodeIgniter(Object(CodeIgniter\CodeIgniter))
15 FCPATH\index.php(56): CodeIgniter\Boot::bootWeb(Object(Config\Paths))
